ADVERBIOS DE AFIRMACAO
ADVERBIOS DE DUVIDA
ADVERBIOS DE INTENSIDADE
ADVERBIOS DE LUGAR
ADVERBIOS DE MODO
ADVERBIOS DE NEGACAO
ADVERBIOS DE ORDEM
ADVERBIOS DE TEMPO
ARTIGOS DEFINIDOS
ARTIGOS INDEFINIDOS
CONSOANTES
GERAL - INGLES
GERAL - FRANCES
INTERJEICOES
NUMERAIS CARDINAIS
NUMERAIS ORDINAIS
PREPOSIÇÕES
PRONOMES DE TRATAMENTO
PRONOMES DEMONSTRATIVOS
PRONOMES INDEFINIDOS
PRONOMES INTERROGATIVOS
PRONOMES RELATIVOS
PRONOMES PESSOAIS RETOS
PRONOMES PESSOAIS OBLIQUOS ATONOS
PRONOMES PESSOAIS OBLIQUOS TONICOS
PRONOMES POSSESSIVOS
VOGAIS
GERAL
